Using pre-set license
Built from '2021.2/staging' branch; Version is '2021.2.8f1 (d0e5f0a7b06a) revision 13690352'; Using compiler version '192829333'; Build Type 'Release'
OS: 'Windows 11  (10.0.22000) 64bit Core' Language: 'en' Physical Memory: 8005 MB
BatchMode: 1, IsHumanControllingUs: 0, StartBugReporterOnCrash: 0, Is64bit: 1, IsPro: 0

COMMAND LINE ARGUMENTS:
C:\Users\dandi\Documents\GE1\2019.4.30f1\Editor\2021.2.8f1\Editor\Unity.exe
-adb2
-batchMode
-noUpm
-name
AssetImportWorker0
-projectPath
C:/Users/dandi/Documents/Year4-2/GE2/C18487682-Space-Battle
-logFile
Logs/AssetImportWorker0.log
-srvPort
50258
Successfully changed project path to: C:/Users/dandi/Documents/Year4-2/GE2/C18487682-Space-Battle
C:/Users/dandi/Documents/Year4-2/GE2/C18487682-Space-Battle
[UnityMemory] Configuration Parameters - Can be set up in boot.config
    "memorysetup-bucket-allocator-granularity=16"
    "memorysetup-bucket-allocator-bucket-count=8"
    "memorysetup-bucket-allocator-block-size=33554432"
    "memorysetup-bucket-allocator-block-count=8"
    "memorysetup-main-allocator-block-size=16777216"
    "memorysetup-thread-allocator-block-size=16777216"
    "memorysetup-gfx-main-allocator-block-size=16777216"
    "memorysetup-gfx-thread-allocator-block-size=16777216"
    "memorysetup-cache-allocator-block-size=4194304"
    "memorysetup-typetree-allocator-block-size=2097152"
    "memorysetup-profiler-bucket-allocator-granularity=16"
    "memorysetup-profiler-bucket-allocator-bucket-count=8"
    "memorysetup-profiler-bucket-allocator-block-size=33554432"
    "memorysetup-profiler-bucket-allocator-block-count=8"
    "memorysetup-profiler-allocator-block-size=16777216"
    "memorysetup-profiler-editor-allocator-block-size=1048576"
    "memorysetup-temp-allocator-size-main=16777216"
    "memorysetup-job-temp-allocator-block-size=2097152"
    "memorysetup-job-temp-allocator-block-size-background=1048576"
    "memorysetup-job-temp-allocator-reduction-small-platforms=262144"
    "memorysetup-temp-allocator-size-background-worker=32768"
    "memorysetup-temp-allocator-size-job-worker=262144"
    "memorysetup-temp-allocator-size-preload-manager=33554432"
    "memorysetup-temp-allocator-size-nav-mesh-worker=65536"
    "memorysetup-temp-allocator-size-audio-worker=65536"
    "memorysetup-temp-allocator-size-cloud-worker=32768"
    "memorysetup-temp-allocator-size-gi-baking-worker=262144"
    "memorysetup-temp-allocator-size-gfx=262144"
Refreshing native plugins compatible for Editor in 91.83 ms, found 3 plugins.
Preloading 0 native plugins for Editor in 0.00 ms.
Initialize engine version: 2021.2.8f1 (d0e5f0a7b06a)
[Subsystems] Discovering subsystems at path C:/Users/dandi/Documents/GE1/2019.4.30f1/Editor/2021.2.8f1/Editor/Data/Resources/UnitySubsystems
[Subsystems] Discovering subsystems at path C:/Users/dandi/Documents/Year4-2/GE2/C18487682-Space-Battle/Assets
GfxDevice: creating device client; threaded=0; jobified=0
Direct3D:
    Version:  Direct3D 11.0 [level 11.1]
    Renderer: Intel(R) UHD Graphics 620 (ID=0x3ea0)
    Vendor:   Intel
    VRAM:     4002 MB
    Driver:   25.20.100.6617
Initialize mono
Mono path[0] = 'C:/Users/dandi/Documents/GE1/2019.4.30f1/Editor/2021.2.8f1/Editor/Data/Managed'
Mono path[1] = 'C:/Users/dandi/Documents/GE1/2019.4.30f1/Editor/2021.2.8f1/Editor/Data/MonoBleedingEdge/lib/mono/unityjit-win32'
Mono config path = 'C:/Users/dandi/Documents/GE1/2019.4.30f1/Editor/2021.2.8f1/Editor/Data/MonoBleedingEdge/etc'
Using monoOptions --debugger-agent=transport=dt_socket,embedding=1,server=y,suspend=n,address=127.0.0.1:56604
Begin MonoManager ReloadAssembly
Registering precompiled unity dll's ...
Register platform support module: C:/Users/dandi/Documents/GE1/2019.4.30f1/Editor/2021.2.8f1/Editor/Data/PlaybackEngines/WindowsStandaloneSupport/UnityEditor.WindowsStandalone.Extensions.dll
Registered in 0.005073 seconds.
Native extension for WindowsStandalone target not found
Refreshing native plugins compatible for Editor in 79.41 ms, found 3 plugins.
Preloading 0 native plugins for Editor in 0.00 ms.
Mono: successfully reloaded assembly
- Completed reload, in  0.689 seconds
Domain Reload Profiling:
	ReloadAssembly (689ms)
		BeginReloadAssembly (80ms)
			ExecutionOrderSort (0ms)
			DisableScriptedObjects (0ms)
			BackupInstance (0ms)
			ReleaseScriptingObjects (0ms)
			CreateAndSetChildDomain (1ms)
		EndReloadAssembly (527ms)
			LoadAssemblies (78ms)
			RebuildTransferFunctionScriptingTraits (0ms)
			SetupTypeCache (122ms)
			ReleaseScriptCaches (0ms)
			RebuildScriptCaches (33ms)
			SetupLoadedEditorAssemblies (312ms)
				LogAssemblyErrors (0ms)
				InitializePlatformSupportModulesInManaged (16ms)
				SetLoadedEditorAssemblies (0ms)
				RefreshPlugins (80ms)
				BeforeProcessingInitializeOnLoad (1ms)
				ProcessInitializeOnLoadAttributes (163ms)
				ProcessInitializeOnLoadMethodAttributes (52ms)
				AfterProcessingInitializeOnLoad (0ms)
				EditorAssembliesLoaded (0ms)
			ExecutionOrderSort2 (0ms)
			AwakeInstancesAfterBackupRestoration (0ms)
Platform modules already initialized, skipping
Registering precompiled user dll's ...
Registered in 0.008993 seconds.
Begin MonoManager ReloadAssembly
Symbol file LoadedFromMemory doesn't match image C:\Users\dandi\Documents\Year4-2\GE2\C18487682-Space-Battle\Library\PackageCache\com.unity.visualscripting@1.7.6\Editor\VisualScripting.Core\Dependencies\YamlDotNet\Unity.VisualScripting.YamlDotNet.dll
Symbol file LoadedFromMemory doesn't match image C:\Users\dandi\Documents\Year4-2\GE2\C18487682-Space-Battle\Library\PackageCache\com.unity.visualscripting@1.7.6\Editor\VisualScripting.Core\Dependencies\DotNetZip\Unity.VisualScripting.IonicZip.dll
Native extension for WindowsStandalone target not found
Refreshing native plugins compatible for Editor in 0.66 ms, found 3 plugins.
Preloading 0 native plugins for Editor in 0.00 ms.
Mono: successfully reloaded assembly
- Completed reload, in  1.357 seconds
Domain Reload Profiling:
	ReloadAssembly (1358ms)
		BeginReloadAssembly (110ms)
			ExecutionOrderSort (0ms)
			DisableScriptedObjects (6ms)
			BackupInstance (0ms)
			ReleaseScriptingObjects (0ms)
			CreateAndSetChildDomain (20ms)
		EndReloadAssembly (1144ms)
			LoadAssemblies (71ms)
			RebuildTransferFunctionScriptingTraits (0ms)
			SetupTypeCache (317ms)
			ReleaseScriptCaches (1ms)
			RebuildScriptCaches (103ms)
			SetupLoadedEditorAssemblies (522ms)
				LogAssemblyErrors (0ms)
				InitializePlatformSupportModulesInManaged (15ms)
				SetLoadedEditorAssemblies (1ms)
				RefreshPlugins (1ms)
				BeforeProcessingInitializeOnLoad (100ms)
				ProcessInitializeOnLoadAttributes (341ms)
				ProcessInitializeOnLoadMethodAttributes (59ms)
				AfterProcessingInitializeOnLoad (7ms)
				EditorAssembliesLoaded (0ms)
			ExecutionOrderSort2 (0ms)
			AwakeInstancesAfterBackupRestoration (21ms)
Platform modules already initialized, skipping
========================================================================
Worker process is ready to serve import requests
Launched and connected shader compiler UnityShaderCompiler.exe after 0.14 seconds
Refreshing native plugins compatible for Editor in 2.04 ms, found 3 plugins.
Preloading 0 native plugins for Editor in 0.00 ms.
Unloading 3217 Unused Serialized files (Serialized files now loaded: 0)
Unloading 26 unused Assets / (112.5 KB). Loaded Objects now: 3673.
Memory consumption went from 112.0 MB to 111.9 MB.
Total: 3.779400 ms (FindLiveObjects: 0.365500 ms CreateObjectMapping: 0.392300 ms MarkObjects: 2.910100 ms  DeleteObjects: 0.110400 ms)

AssetImportParameters requested are different than current active one (requested -> active):
  custom:video-decoder-ogg-theora: a1e56fd34408186e4bbccfd4996cb3dc -> 
  custom:container-muxer-webm: aa71ff27fc2769a1b78a27578f13a17b -> 
  custom:container-demuxer-webm: 4f35f7cbe854078d1ac9338744f61a02 -> 
  custom:video-encoder-webm-vp8: eb34c28f22e8b96e1ab97ce403110664 -> 
  custom:audio-encoder-webm-vorbis: bf7c407c2cedff20999df2af8eb42d56 -> 
  custom:framework-win-MediaFoundation: 216162199b28c13a410421893ffa2e32 -> 
  custom:container-demuxer-ogg: 62fdf1f143b41e24485cea50d1cbac27 -> 
  custom:video-decoder-webm-vp8: 9c59270c3fd7afecdb556c50c9e8de78 -> 
  custom:audio-decoder-ogg-vorbis: bf7c407c2cedff20999df2af8eb42d56 -> 
========================================================================
Received Import Request.
  Time since last request: 1208602.518049 seconds.
  path: Assets/Models/DetachedShipFront.obj
  artifactKey: Guid(7d2c58943c712b54b9799eb1946d026b) Importer(815301076,1909f56bfc062723c751e8b465ee728b)
Start importing Assets/Models/DetachedShipFront.obj using Guid(7d2c58943c712b54b9799eb1946d026b) Importer(815301076,1909f56bfc062723c751e8b465ee728b)  -> (artifact id: '22206179352004ce052da997fab508bd') in 0.484438 seconds 
========================================================================
Received Import Request.
  Time since last request: 63.301181 seconds.
  path: Assets/Models/AngledShips.mtl
  artifactKey: Guid(633b80a67f6f6454397a7accbc0f968e) Importer(815301076,1909f56bfc062723c751e8b465ee728b)
Start importing Assets/Models/AngledShips.mtl using Guid(633b80a67f6f6454397a7accbc0f968e) Importer(815301076,1909f56bfc062723c751e8b465ee728b)  -> (artifact id: 'e89f5f07020a73d09b4eed328954feff') in 0.016927 seconds 
========================================================================
Received Import Request.
  Time since last request: 102.627353 seconds.
  path: Assets/Models/AngledShips.blend
  artifactKey: Guid(a71d7b3b9227c5f4fa296591d39fedc3) Importer(815301076,1909f56bfc062723c751e8b465ee728b)
Start importing Assets/Models/AngledShips.blend using Guid(a71d7b3b9227c5f4fa296591d39fedc3) Importer(815301076,1909f56bfc062723c751e8b465ee728b)  -> (artifact id: '6d7adf3478e72f682020de19bd71589e') in 0.013500 seconds 
========================================================================
Received Import Request.
  Time since last request: 22.295592 seconds.
  path: Assets/Models/AngledShips.blend1
  artifactKey: Guid(2c486b12f11623e4291088f92525b6ca) Importer(815301076,1909f56bfc062723c751e8b465ee728b)
Start importing Assets/Models/AngledShips.blend1 using Guid(2c486b12f11623e4291088f92525b6ca) Importer(815301076,1909f56bfc062723c751e8b465ee728b)  -> (artifact id: 'a0e18b3c82e80892b9735f9e99ca5c1c') in 0.016380 seconds 
========================================================================
Received Import Request.
  Time since last request: 133.434362 seconds.
  path: Assets/Models/DetachedShipFront.dae
  artifactKey: Guid(b653a9ac16a5ebf4ea814dc469899549) Importer(815301076,1909f56bfc062723c751e8b465ee728b)
Start importing Assets/Models/DetachedShipFront.dae using Guid(b653a9ac16a5ebf4ea814dc469899549) Importer(815301076,1909f56bfc062723c751e8b465ee728b)  -> (artifact id: '447a4dbc19900104c6bd9ef236296b8d') in 0.281207 seconds 
========================================================================
Received Import Request.
  Time since last request: 37.273900 seconds.
  path: Assets/Models/DetachedShipFront.obj
  artifactKey: Guid(7d2c58943c712b54b9799eb1946d026b) Importer(815301076,1909f56bfc062723c751e8b465ee728b)
Start importing Assets/Models/DetachedShipFront.obj using Guid(7d2c58943c712b54b9799eb1946d026b) Importer(815301076,1909f56bfc062723c751e8b465ee728b)  -> (artifact id: '69ff89917d0b8171b3c6223e5db07399') in 0.061014 seconds 
========================================================================
Received Import Request.
  Time since last request: 13.713700 seconds.
  path: Assets/Models/DetachedShipFront.mtl
  artifactKey: Guid(573565778cd940f49973966e272857ae) Importer(815301076,1909f56bfc062723c751e8b465ee728b)
Start importing Assets/Models/DetachedShipFront.mtl using Guid(573565778cd940f49973966e272857ae) Importer(815301076,1909f56bfc062723c751e8b465ee728b)  -> (artifact id: '001c13a3304b1c64477752bb4e2ddb24') in 0.009045 seconds 
========================================================================
Received Import Request.
  Time since last request: 48.514071 seconds.
  path: Assets/Models/DetachedShipFront.obj
  artifactKey: Guid(7d2c58943c712b54b9799eb1946d026b) Importer(815301076,1909f56bfc062723c751e8b465ee728b)
Start importing Assets/Models/DetachedShipFront.obj using Guid(7d2c58943c712b54b9799eb1946d026b) Importer(815301076,1909f56bfc062723c751e8b465ee728b)  -> (artifact id: '7702827ffcd37e5f5cc86d448da5405c') in 0.051774 seconds 
========================================================================
Received Import Request.
  Time since last request: 234.841921 seconds.
  path: Assets/Models/AngledShips.fbx
  artifactKey: Guid(0d94d934c6a401743bf3d1ea22f6ff83) Importer(815301076,1909f56bfc062723c751e8b465ee728b)
Start importing Assets/Models/AngledShips.fbx using Guid(0d94d934c6a401743bf3d1ea22f6ff83) Importer(815301076,1909f56bfc062723c751e8b465ee728b)  -> (artifact id: '98c6c50005cfa72c02e11256fdb5c41e') in 0.087967 seconds 
========================================================================
Received Import Request.
  Time since last request: 66.495544 seconds.
  path: Assets/Models/AngledShips.fbx
  artifactKey: Guid(0d94d934c6a401743bf3d1ea22f6ff83) Importer(815301076,1909f56bfc062723c751e8b465ee728b)
Start importing Assets/Models/AngledShips.fbx using Guid(0d94d934c6a401743bf3d1ea22f6ff83) Importer(815301076,1909f56bfc062723c751e8b465ee728b)  -> (artifact id: '6214ee03cbb1a2ff25632a23b1e0fcf6') in 0.080839 seconds 
========================================================================
Received Import Request.
  Time since last request: 52.109655 seconds.
  path: Assets/Models/Turret.fbx
  artifactKey: Guid(786e5492065088b4fb9ba2bdd4c2f817) Importer(815301076,1909f56bfc062723c751e8b465ee728b)
Start importing Assets/Models/Turret.fbx using Guid(786e5492065088b4fb9ba2bdd4c2f817) Importer(815301076,1909f56bfc062723c751e8b465ee728b)  -> (artifact id: '5ff6e4ce8613a8b5a4652fe447f1e904') in 0.095484 seconds 
========================================================================
Received Import Request.
  Time since last request: 18.116550 seconds.
  path: Assets/Models/Turret.prefab
  artifactKey: Guid(318b03cbaa372b74eb168cdbfdf92e78) Importer(815301076,1909f56bfc062723c751e8b465ee728b)
Start importing Assets/Models/Turret.prefab using Guid(318b03cbaa372b74eb168cdbfdf92e78) Importer(815301076,1909f56bfc062723c751e8b465ee728b)  -> (artifact id: '533c444715ffaa3d6102ae2925e78924') in 0.022534 seconds 
========================================================================
Received Import Request.
  Time since last request: 5.687906 seconds.
  path: Assets/Models/Turret.prefab
  artifactKey: Guid(318b03cbaa372b74eb168cdbfdf92e78) Importer(815301076,1909f56bfc062723c751e8b465ee728b)
Start importing Assets/Models/Turret.prefab using Guid(318b03cbaa372b74eb168cdbfdf92e78) Importer(815301076,1909f56bfc062723c751e8b465ee728b)  -> (artifact id: '02c43481b63f1c49e8d62ac978687abf') in 0.011877 seconds 
========================================================================
Received Import Request.
  Time since last request: 55.389168 seconds.
  path: Assets/Models/Turret.fbx
  artifactKey: Guid(786e5492065088b4fb9ba2bdd4c2f817) Importer(815301076,1909f56bfc062723c751e8b465ee728b)
Start importing Assets/Models/Turret.fbx using Guid(786e5492065088b4fb9ba2bdd4c2f817) Importer(815301076,1909f56bfc062723c751e8b465ee728b)  -> (artifact id: '52cffd026659241289ea8b2c3d4f6b10') in 0.104109 seconds 
========================================================================
Received Import Request.
  Time since last request: 38.338601 seconds.
  path: Assets/Models/DetachedShipFront.fbx
  artifactKey: Guid(d79144b789c4c3e419383a54c6df0516) Importer(815301076,1909f56bfc062723c751e8b465ee728b)
Start importing Assets/Models/DetachedShipFront.fbx using Guid(d79144b789c4c3e419383a54c6df0516) Importer(815301076,1909f56bfc062723c751e8b465ee728b)  -> (artifact id: '0510cdfc4748c5e9040c3f261de93769') in 0.065804 seconds 
========================================================================
Received Import Request.
  Time since last request: 32.212333 seconds.
  path: Assets/Models/DetachedShipBack.fbx
  artifactKey: Guid(61bc98283e7203f45b20194070d80d5a) Importer(815301076,1909f56bfc062723c751e8b465ee728b)
Start importing Assets/Models/DetachedShipBack.fbx using Guid(61bc98283e7203f45b20194070d80d5a) Importer(815301076,1909f56bfc062723c751e8b465ee728b)  -> (artifact id: '7e2f07482421378541d2e8b65f297ae1') in 0.077545 seconds 
========================================================================
Received Prepare
Registering precompiled user dll's ...
Registered in 0.006449 seconds.
Begin MonoManager ReloadAssembly
Symbol file LoadedFromMemory doesn't match image C:\Users\dandi\Documents\Year4-2\GE2\C18487682-Space-Battle\Library\PackageCache\com.unity.visualscripting@1.7.6\Editor\VisualScripting.Core\Dependencies\YamlDotNet\Unity.VisualScripting.YamlDotNet.dll
Symbol file LoadedFromMemory doesn't match image C:\Users\dandi\Documents\Year4-2\GE2\C18487682-Space-Battle\Library\PackageCache\com.unity.visualscripting@1.7.6\Editor\VisualScripting.Core\Dependencies\DotNetZip\Unity.VisualScripting.IonicZip.dll
Native extension for WindowsStandalone target not found
Refreshing native plugins compatible for Editor in 1.18 ms, found 3 plugins.
Preloading 0 native plugins for Editor in 0.00 ms.
Mono: successfully reloaded assembly
- Completed reload, in  2.403 seconds
Domain Reload Profiling:
	ReloadAssembly (2405ms)
		BeginReloadAssembly (428ms)
			ExecutionOrderSort (0ms)
			DisableScriptedObjects (17ms)
			BackupInstance (0ms)
			ReleaseScriptingObjects (0ms)
			CreateAndSetChildDomain (134ms)
		EndReloadAssembly (1861ms)
			LoadAssemblies (216ms)
			RebuildTransferFunctionScriptingTraits (0ms)
			SetupTypeCache (650ms)
			ReleaseScriptCaches (1ms)
			RebuildScriptCaches (95ms)
			SetupLoadedEditorAssemblies (864ms)
				LogAssemblyErrors (0ms)
				InitializePlatformSupportModulesInManaged (38ms)
				SetLoadedEditorAssemblies (2ms)
				RefreshPlugins (1ms)
				BeforeProcessingInitializeOnLoad (149ms)
				ProcessInitializeOnLoadAttributes (603ms)
				ProcessInitializeOnLoadMethodAttributes (59ms)
				AfterProcessingInitializeOnLoad (11ms)
				EditorAssembliesLoaded (0ms)
			ExecutionOrderSort2 (0ms)
			AwakeInstancesAfterBackupRestoration (13ms)
Platform modules already initialized, skipping
Refreshing native plugins compatible for Editor in 0.56 ms, found 3 plugins.
Preloading 0 native plugins for Editor in 0.00 ms.
Unloading 3212 Unused Serialized files (Serialized files now loaded: 0)
Unloading 21 unused Assets / (79.3 KB). Loaded Objects now: 3718.
Memory consumption went from 116.7 MB to 116.7 MB.
Total: 5.296600 ms (FindLiveObjects: 1.119100 ms CreateObjectMapping: 0.752100 ms MarkObjects: 3.323100 ms  DeleteObjects: 0.098500 ms)

AssetImportParameters requested are different than current active one (requested -> active):
  custom:video-decoder-ogg-theora: a1e56fd34408186e4bbccfd4996cb3dc -> 
  custom:container-muxer-webm: aa71ff27fc2769a1b78a27578f13a17b -> 
  custom:container-demuxer-webm: 4f35f7cbe854078d1ac9338744f61a02 -> 
  custom:video-encoder-webm-vp8: eb34c28f22e8b96e1ab97ce403110664 -> 
  custom:audio-encoder-webm-vorbis: bf7c407c2cedff20999df2af8eb42d56 -> 
  custom:framework-win-MediaFoundation: 216162199b28c13a410421893ffa2e32 -> 
  custom:container-demuxer-ogg: 62fdf1f143b41e24485cea50d1cbac27 -> 
  custom:video-decoder-webm-vp8: 9c59270c3fd7afecdb556c50c9e8de78 -> 
  custom:audio-decoder-ogg-vorbis: bf7c407c2cedff20999df2af8eb42d56 -> 
========================================================================
Received Import Request.
  Time since last request: 11455.640685 seconds.
  path: Assets/New Terrain.asset
  artifactKey: Guid(357f988dfd5bb7f45b271ffec0443944) Importer(815301076,1909f56bfc062723c751e8b465ee728b)
Start importing Assets/New Terrain.asset using Guid(357f988dfd5bb7f45b271ffec0443944) Importer(815301076,1909f56bfc062723c751e8b465ee728b)  -> (artifact id: '1716d68b8d4854151ca7eaea46a064ce') in 0.309583 seconds 
========================================================================
Received Import Request.
  Time since last request: 101.956171 seconds.
  path: Assets/Models/New Material.mat
  artifactKey: Guid(a6f37762e9987af43bf1df9b55859186) Importer(815301076,1909f56bfc062723c751e8b465ee728b)
Start importing Assets/Models/New Material.mat using Guid(a6f37762e9987af43bf1df9b55859186) Importer(815301076,1909f56bfc062723c751e8b465ee728b)  -> (artifact id: '23857db2175ea74aa5ebe0d00e5e36d3') in 0.208272 seconds 
========================================================================
Received Import Request.
  Time since last request: 40.506797 seconds.
  path: Assets/Models/base_mat.mat
  artifactKey: Guid(a6f37762e9987af43bf1df9b55859186) Importer(815301076,1909f56bfc062723c751e8b465ee728b)
Start importing Assets/Models/base_mat.mat using Guid(a6f37762e9987af43bf1df9b55859186) Importer(815301076,1909f56bfc062723c751e8b465ee728b)  -> (artifact id: '90a70c61b2674da4f3a1506999c36851') in 0.020381 seconds 
========================================================================
Received Import Request.
  Time since last request: 106.461752 seconds.
  path: Assets/Models/New Terrain Material.mat
  artifactKey: Guid(9675806ceb91f044f89d14c9ec76af35) Importer(815301076,1909f56bfc062723c751e8b465ee728b)
Start importing Assets/Models/New Terrain Material.mat using Guid(9675806ceb91f044f89d14c9ec76af35) Importer(815301076,1909f56bfc062723c751e8b465ee728b)  -> (artifact id: 'a1a2600338aaead6a13b788d02b99827') in 0.398119 seconds 
========================================================================
Received Import Request.
  Time since last request: 537.019063 seconds.
  path: Assets/Models/base_mat.mat
  artifactKey: Guid(a6f37762e9987af43bf1df9b55859186) Importer(815301076,1909f56bfc062723c751e8b465ee728b)
Start importing Assets/Models/base_mat.mat using Guid(a6f37762e9987af43bf1df9b55859186) Importer(815301076,1909f56bfc062723c751e8b465ee728b)  -> (artifact id: '1308906ed2e72e1a11750dd4d082f871') in 0.028550 seconds 
========================================================================
Received Prepare
Registering precompiled user dll's ...
Registered in 0.004129 seconds.
Begin MonoManager ReloadAssembly
Symbol file LoadedFromMemory doesn't match image C:\Users\dandi\Documents\Year4-2\GE2\C18487682-Space-Battle\Library\PackageCache\com.unity.visualscripting@1.7.6\Editor\VisualScripting.Core\Dependencies\YamlDotNet\Unity.VisualScripting.YamlDotNet.dll
Symbol file LoadedFromMemory doesn't match image C:\Users\dandi\Documents\Year4-2\GE2\C18487682-Space-Battle\Library\PackageCache\com.unity.visualscripting@1.7.6\Editor\VisualScripting.Core\Dependencies\DotNetZip\Unity.VisualScripting.IonicZip.dll
Native extension for WindowsStandalone target not found
Refreshing native plugins compatible for Editor in 1.61 ms, found 3 plugins.
Preloading 0 native plugins for Editor in 0.00 ms.
Mono: successfully reloaded assembly
- Completed reload, in  3.342 seconds
Domain Reload Profiling:
	ReloadAssembly (3344ms)
		BeginReloadAssembly (628ms)
			ExecutionOrderSort (0ms)
			DisableScriptedObjects (23ms)
			BackupInstance (0ms)
			ReleaseScriptingObjects (0ms)
			CreateAndSetChildDomain (255ms)
		EndReloadAssembly (2379ms)
			LoadAssemblies (305ms)
			RebuildTransferFunctionScriptingTraits (0ms)
			SetupTypeCache (805ms)
			ReleaseScriptCaches (3ms)
			RebuildScriptCaches (127ms)
			SetupLoadedEditorAssemblies (1087ms)
				LogAssemblyErrors (0ms)
				InitializePlatformSupportModulesInManaged (41ms)
				SetLoadedEditorAssemblies (2ms)
				RefreshPlugins (2ms)
				BeforeProcessingInitializeOnLoad (179ms)
				ProcessInitializeOnLoadAttributes (763ms)
				ProcessInitializeOnLoadMethodAttributes (82ms)
				AfterProcessingInitializeOnLoad (18ms)
				EditorAssembliesLoaded (0ms)
			ExecutionOrderSort2 (0ms)
			AwakeInstancesAfterBackupRestoration (25ms)
Platform modules already initialized, skipping
Refreshing native plugins compatible for Editor in 2.74 ms, found 3 plugins.
Preloading 0 native plugins for Editor in 0.00 ms.
Unloading 3212 Unused Serialized files (Serialized files now loaded: 0)
Unloading 21 unused Assets / (79.0 KB). Loaded Objects now: 3734.
Memory consumption went from 128.6 MB to 128.5 MB.
Total: 9.041200 ms (FindLiveObjects: 0.608200 ms CreateObjectMapping: 0.434000 ms MarkObjects: 7.743100 ms  DeleteObjects: 0.250600 ms)

AssetImportParameters requested are different than current active one (requested -> active):
  custom:video-decoder-ogg-theora: a1e56fd34408186e4bbccfd4996cb3dc -> 
  custom:container-muxer-webm: aa71ff27fc2769a1b78a27578f13a17b -> 
  custom:container-demuxer-webm: 4f35f7cbe854078d1ac9338744f61a02 -> 
  custom:video-encoder-webm-vp8: eb34c28f22e8b96e1ab97ce403110664 -> 
  custom:audio-encoder-webm-vorbis: bf7c407c2cedff20999df2af8eb42d56 -> 
  custom:framework-win-MediaFoundation: 216162199b28c13a410421893ffa2e32 -> 
  custom:container-demuxer-ogg: 62fdf1f143b41e24485cea50d1cbac27 -> 
  custom:video-decoder-webm-vp8: 9c59270c3fd7afecdb556c50c9e8de78 -> 
  custom:audio-decoder-ogg-vorbis: bf7c407c2cedff20999df2af8eb42d56 -> 
========================================================================
Received Import Request.
  Time since last request: 238.054179 seconds.
  path: Assets/New Terrain 2.asset
  artifactKey: Guid(f6bbc6dff69a6fc45a077b138874cdea) Importer(815301076,1909f56bfc062723c751e8b465ee728b)
Start importing Assets/New Terrain 2.asset using Guid(f6bbc6dff69a6fc45a077b138874cdea) Importer(815301076,1909f56bfc062723c751e8b465ee728b)  -> (artifact id: '0c26d18da8df90c0e92db71fba207ed5') in 0.038923 seconds 
